{"level":"debug","message":"Sequelize: Executing (default): SELECT 1+1 AS result","timestamp":"2026-06-09 10:18:01"}
{"level":"info","message":"MySQL Database connected successfully via Sequelize.","timestamp":"2026-06-09 10:18:01"}
{"level":"info","message":"Server successfully listening in development mode on port 5000","timestamp":"2026-06-09 10:18:01"}
{"level":"info","message":"Authenticating user login: sivaranjani23@gmail.com","timestamp":"2026-06-09 10:26:54"}
{"level":"debug","message":"Sequelize: Executing (default): SELECT `User`.`id`, `User`.`email`, `User`.`password`, `User`.`role_id`, `User`.`is_active`, `User`.`created_at` AS `createdAt`, `User`.`updated_at` AS `updatedAt`, `role`.`id` AS `role.id`, `role`.`name` AS `role.name`, `role`.`created_at` AS `role.createdAt`, `role`.`updated_at` AS `role.updatedAt`, `staffProfile`.`id` AS `staffProfile.id`, `staffProfile`.`user_id` AS `staffProfile.user_id`, `staffProfile`.`department_id` AS `staffProfile.department_id`, `staffProfile`.`employee_code` AS `staffProfile.employee_code`, `staffProfile`.`designation` AS `staffProfile.designation`, `staffProfile`.`profile_image` AS `staffProfile.profile_image`, `staffProfile`.`first_name` AS `staffProfile.first_name`, `staffProfile`.`last_name` AS `staffProfile.last_name`, `staffProfile`.`phone_number` AS `staffProfile.phone_number`, `staffProfile`.`joining_date` AS `staffProfile.joining_date`, `staffProfile`.`face_template` AS `staffProfile.face_template`, `staffProfile`.`face_registration_date` AS `staffProfile.face_registration_date`, `staffProfile`.`created_at` AS `staffProfile.createdAt`, `staffProfile`.`updated_at` AS `staffProfile.updatedAt` FROM `users` AS `User` LEFT OUTER JOIN `roles` AS `role` ON `User`.`role_id` = `role`.`id` LEFT OUTER JOIN `staff` AS `staffProfile` ON `User`.`id` = `staffProfile`.`user_id` WHERE `User`.`email` = 'sivaranjani23@gmail.com';","timestamp":"2026-06-09 10:26:54"}
{"level":"error","message":"POST /api/auth/login - Status: 500 - Msg: Table 'staff_attendance_db.users' doesn't exist - Stack: Error\n    at Query.run (C:\\Users\\Admin\\Desktop\\staff attendence\\backend\\node_modules\\sequelize\\lib\\dialects\\mysql\\query.js:52:25)\n    at C:\\Users\\Admin\\Desktop\\staff attendence\\backend\\node_modules\\sequelize\\lib\\sequelize.js:315:28\n    at process.processTicksAndRejections (node:internal/process/task_queues:103:5)\n    at async MySQLQueryInterface.select (C:\\Users\\Admin\\Desktop\\staff attendence\\backend\\node_modules\\sequelize\\lib\\dialects\\abstract\\query-interface.js:407:12)\n    at async User.findAll (C:\\Users\\Admin\\Desktop\\staff attendence\\backend\\node_modules\\sequelize\\lib\\model.js:1140:21)\n    at async User.findOne (C:\\Users\\Admin\\Desktop\\staff attendence\\backend\\node_modules\\sequelize\\lib\\model.js:1240:12)\n    at async Object.login (C:\\Users\\Admin\\Desktop\\staff attendence\\backend\\src\\services\\auth.service.js:25:18)\n    at async login (C:\\Users\\Admin\\Desktop\\staff attendence\\backend\\src\\controllers\\auth.controller.js:15:22)","timestamp":"2026-06-09 10:26:55"}
{"level":"info","message":"\u001b[0mPOST /api/auth/login \u001b[31m500\u001b[0m 81.997 ms - 1097\u001b[0m","timestamp":"2026-06-09 10:26:55"}
{"level":"debug","message":"Sequelize: Executing (default): SELECT 1+1 AS result","timestamp":"2026-06-09 10:34:01"}
{"level":"info","message":"MySQL Database connected successfully via Sequelize.","timestamp":"2026-06-09 10:34:01"}
{"level":"info","message":"Server successfully listening in development mode on port 5000","timestamp":"2026-06-09 10:34:01"}
{"level":"debug","message":"Sequelize: Executing (default): SELECT 1+1 AS result","timestamp":"2026-06-09 10:35:27"}
{"level":"info","message":"MySQL Database connected successfully via Sequelize.","timestamp":"2026-06-09 10:35:27"}
{"level":"info","message":"Server successfully listening in development mode on port 5000","timestamp":"2026-06-09 10:35:27"}
{"level":"debug","message":"Sequelize: Executing (default): SELECT 1+1 AS result","timestamp":"2026-06-09 10:36:01"}
{"level":"info","message":"MySQL Database connected successfully via Sequelize.","timestamp":"2026-06-09 10:36:01"}
{"level":"info","message":"Server successfully listening in development mode on port 5000","timestamp":"2026-06-09 10:36:01"}
{"level":"debug","message":"Sequelize: Executing (default): SELECT 1+1 AS result","timestamp":"2026-06-09 10:36:13"}
{"level":"info","message":"MySQL Database connected successfully via Sequelize.","timestamp":"2026-06-09 10:36:13"}
{"level":"info","message":"Server successfully listening in development mode on port 5000","timestamp":"2026-06-09 10:36:13"}
{"level":"debug","message":"Sequelize: Executing (default): SELECT 1+1 AS result","timestamp":"2026-06-09 10:37:17"}
{"level":"info","message":"MySQL Database connected successfully via Sequelize.","timestamp":"2026-06-09 10:37:17"}
{"level":"info","message":"Server successfully listening in development mode on port 5000","timestamp":"2026-06-09 10:37:17"}
{"level":"debug","message":"Sequelize: Executing (default): SELECT 1+1 AS result","timestamp":"2026-06-09 10:37:47"}
{"level":"info","message":"MySQL Database connected successfully via Sequelize.","timestamp":"2026-06-09 10:37:47"}
{"level":"info","message":"Server successfully listening in development mode on port 5000","timestamp":"2026-06-09 10:37:47"}
{"level":"debug","message":"Sequelize: Executing (default): SELECT 1+1 AS result","timestamp":"2026-06-09 10:38:12"}
{"level":"info","message":"MySQL Database connected successfully via Sequelize.","timestamp":"2026-06-09 10:38:12"}
{"level":"info","message":"Server successfully listening in development mode on port 5000","timestamp":"2026-06-09 10:38:12"}
{"level":"debug","message":"Sequelize: Executing (default): SELECT 1+1 AS result","timestamp":"2026-06-09 10:40:08"}
{"level":"debug","message":"Sequelize: Executing (default): SELECT 1+1 AS result","timestamp":"2026-06-09 11:17:37"}
{"level":"info","message":"MySQL Database connected successfully via Sequelize.","timestamp":"2026-06-09 11:17:37"}
{"level":"debug","message":"Sequelize: Executing (default): SELECT TABLE_NAME FROM INFORMATION_SCHEMA.TABLES WHERE TABLE_TYPE = 'BASE TABLE' AND TABLE_NAME = 'roles' AND TABLE_SCHEMA = 'staff_attendance_db'","timestamp":"2026-06-09 11:17:37"}
{"level":"debug","message":"Sequelize: Executing (default): CREATE TABLE IF NOT EXISTS `roles` (`id` INTEGER auto_increment , `name` VARCHAR(50) NOT NULL UNIQUE, `created_at` DATETIME NOT NULL, `updated_at` DATETIME NOT NULL, PRIMARY KEY (`id`)) ENGINE=InnoDB DEFAULT CHARSET=utf8mb4 COLLATE utf8mb4_unicode_ci;","timestamp":"2026-06-09 11:17:37"}
{"level":"debug","message":"Sequelize: Executing (default): SHOW INDEX FROM `roles`","timestamp":"2026-06-09 11:17:37"}
{"level":"debug","message":"Sequelize: Executing (default): SELECT TABLE_NAME FROM INFORMATION_SCHEMA.TABLES WHERE TABLE_TYPE = 'BASE TABLE' AND TABLE_NAME = 'users' AND TABLE_SCHEMA = 'staff_attendance_db'","timestamp":"2026-06-09 11:17:37"}
{"level":"debug","message":"Sequelize: Executing (default): CREATE TABLE IF NOT EXISTS `users` (`id` INTEGER auto_increment , `email` VARCHAR(128) NOT NULL UNIQUE, `password` VARCHAR(255) NOT NULL, `role_id` INTEGER NOT NULL, `is_active` TINYINT(1) NOT NULL DEFAULT true, `created_at` DATETIME NOT NULL, `updated_at` DATETIME NOT NULL, PRIMARY KEY (`id`), FOREIGN KEY (`role_id`) REFERENCES `roles` (`id`) ON DELETE RESTRICT ON UPDATE CASCADE) ENGINE=InnoDB DEFAULT CHARSET=utf8mb4 COLLATE utf8mb4_unicode_ci;","timestamp":"2026-06-09 11:17:37"}
{"level":"debug","message":"Sequelize: Executing (default): SHOW INDEX FROM `users`","timestamp":"2026-06-09 11:17:37"}
{"level":"debug","message":"Sequelize: Executing (default): SELECT TABLE_NAME FROM INFORMATION_SCHEMA.TABLES WHERE TABLE_TYPE = 'BASE TABLE' AND TABLE_NAME = 'departments' AND TABLE_SCHEMA = 'staff_attendance_db'","timestamp":"2026-06-09 11:17:37"}
{"level":"debug","message":"Sequelize: Executing (default): CREATE TABLE IF NOT EXISTS `departments` (`id` INTEGER auto_increment , `name` VARCHAR(100) NOT NULL UNIQUE, `code` VARCHAR(20) NOT NULL UNIQUE, `description` TEXT, `created_at` DATETIME NOT NULL, `updated_at` DATETIME NOT NULL, PRIMARY KEY (`id`)) ENGINE=InnoDB DEFAULT CHARSET=utf8mb4 COLLATE utf8mb4_unicode_ci;","timestamp":"2026-06-09 11:17:37"}
{"level":"debug","message":"Sequelize: Executing (default): SHOW INDEX FROM `departments`","timestamp":"2026-06-09 11:17:37"}
{"level":"debug","message":"Sequelize: Executing (default): SELECT TABLE_NAME FROM INFORMATION_SCHEMA.TABLES WHERE TABLE_TYPE = 'BASE TABLE' AND TABLE_NAME = 'staff' AND TABLE_SCHEMA = 'staff_attendance_db'","timestamp":"2026-06-09 11:17:37"}
{"level":"debug","message":"Sequelize: Executing (default): CREATE TABLE IF NOT EXISTS `staff` (`id` INTEGER auto_increment , `user_id` INTEGER NOT NULL UNIQUE, `department_id` INTEGER, `employee_code` VARCHAR(20) NOT NULL UNIQUE, `designation` VARCHAR(100) NOT NULL, `profile_image` VARCHAR(255), `first_name` VARCHAR(64) NOT NULL, `last_name` VARCHAR(64) NOT NULL, `phone_number` VARCHAR(20), `joining_date` DATE, `face_template` TEXT, `face_registration_date` DATETIME, `created_at` DATETIME NOT NULL, `updated_at` DATETIME NOT NULL, PRIMARY KEY (`id`), FOREIGN KEY (`user_id`) REFERENCES `users` (`id`) ON DELETE NO ACTION ON UPDATE CASCADE, FOREIGN KEY (`department_id`) REFERENCES `departments` (`id`) ON DELETE SET NULL ON UPDATE CASCADE) ENGINE=InnoDB DEFAULT CHARSET=utf8mb4 COLLATE utf8mb4_unicode_ci;","timestamp":"2026-06-09 11:17:37"}
{"level":"debug","message":"Sequelize: Executing (default): SHOW INDEX FROM `staff`","timestamp":"2026-06-09 11:17:37"}
{"level":"debug","message":"Sequelize: Executing (default): SELECT TABLE_NAME FROM INFORMATION_SCHEMA.TABLES WHERE TABLE_TYPE = 'BASE TABLE' AND TABLE_NAME = 'attendance' AND TABLE_SCHEMA = 'staff_attendance_db'","timestamp":"2026-06-09 11:17:37"}
{"level":"debug","message":"Sequelize: Executing (default): CREATE TABLE IF NOT EXISTS `attendance` (`id` INTEGER auto_increment , `staff_id` INTEGER NOT NULL, `date` DATE NOT NULL, `check_in` DATETIME, `check_out` DATETIME, `working_hours` DECIMAL(5,2), `status` ENUM('PRESENT', 'ABSENT', 'LATE', 'HALF_DAY', 'ON_LEAVE') NOT NULL DEFAULT 'PRESENT', `remarks` TEXT, `check_in_ip` VARCHAR(45), `check_out_ip` VARCHAR(45), `check_in_latitude` DECIMAL(10,8), `check_in_longitude` DECIMAL(11,8), `check_out_latitude` DECIMAL(10,8), `check_out_longitude` DECIMAL(11,8), `check_in_method` ENUM('WEB', 'QR', 'FACE') NOT NULL DEFAULT 'WEB', `check_out_method` ENUM('WEB', 'QR', 'FACE') NOT NULL DEFAULT 'WEB', `device_info` VARCHAR(255), `created_at` DATETIME NOT NULL, `updated_at` DATETIME NOT NULL, PRIMARY KEY (`id`), FOREIGN KEY (`staff_id`) REFERENCES `staff` (`id`) ON DELETE NO ACTION ON UPDATE CASCADE) ENGINE=InnoDB DEFAULT CHARSET=utf8mb4 COLLATE utf8mb4_unicode_ci;","timestamp":"2026-06-09 11:17:37"}
{"level":"debug","message":"Sequelize: Executing (default): SHOW INDEX FROM `attendance`","timestamp":"2026-06-09 11:17:37"}
{"level":"debug","message":"Sequelize: Executing (default): ALTER TABLE `attendance` ADD UNIQUE INDEX `attendance_staff_id_date` (`staff_id`, `date`)","timestamp":"2026-06-09 11:17:37"}
{"level":"debug","message":"Sequelize: Executing (default): SELECT TABLE_NAME FROM INFORMATION_SCHEMA.TABLES WHERE TABLE_TYPE = 'BASE TABLE' AND TABLE_NAME = 'attendance_settings' AND TABLE_SCHEMA = 'staff_attendance_db'","timestamp":"2026-06-09 11:17:37"}
{"level":"debug","message":"Sequelize: Executing (default): CREATE TABLE IF NOT EXISTS `attendance_settings` (`id` INTEGER auto_increment , `office_start_time` TIME NOT NULL DEFAULT '09:00:00', `office_end_time` TIME NOT NULL DEFAULT '17:00:00', `late_after_minutes` INTEGER NOT NULL DEFAULT 15, `half_day_after_minutes` INTEGER NOT NULL DEFAULT 120, `created_at` DATETIME NOT NULL, `updated_at` DATETIME NOT NULL, PRIMARY KEY (`id`)) ENGINE=InnoDB DEFAULT CHARSET=utf8mb4 COLLATE utf8mb4_unicode_ci;","timestamp":"2026-06-09 11:17:37"}
{"level":"debug","message":"Sequelize: Executing (default): SHOW INDEX FROM `attendance_settings`","timestamp":"2026-06-09 11:17:37"}
{"level":"debug","message":"Sequelize: Executing (default): SELECT TABLE_NAME FROM INFORMATION_SCHEMA.TABLES WHERE TABLE_TYPE = 'BASE TABLE' AND TABLE_NAME = 'leave_requests' AND TABLE_SCHEMA = 'staff_attendance_db'","timestamp":"2026-06-09 11:17:37"}
{"level":"debug","message":"Sequelize: Executing (default): CREATE TABLE IF NOT EXISTS `leave_requests` (`id` INTEGER auto_increment , `staff_id` INTEGER NOT NULL, `start_date` DATE NOT NULL, `end_date` DATE NOT NULL, `applied_days` DECIMAL(4,1) NOT NULL, `leave_type` ENUM('SICK', 'CASUAL', 'EARNED', 'MATERNITY', 'PATERNITY', 'UNPAID') NOT NULL, `reason` TEXT NOT NULL, `status` ENUM('PENDING', 'APPROVED', 'REJECTED') NOT NULL DEFAULT 'PENDING', `approved_by_user_id` INTEGER, `remarks` TEXT, `created_at` DATETIME NOT NULL, `updated_at` DATETIME NOT NULL, PRIMARY KEY (`id`), FOREIGN KEY (`staff_id`) REFERENCES `staff` (`id`) ON DELETE NO ACTION ON UPDATE CASCADE, FOREIGN KEY (`approved_by_user_id`) REFERENCES `users` (`id`) ON DELETE SET NULL ON UPDATE CASCADE) ENGINE=InnoDB DEFAULT CHARSET=utf8mb4 COLLATE utf8mb4_unicode_ci;","timestamp":"2026-06-09 11:17:37"}
{"level":"debug","message":"Sequelize: Executing (default): SHOW INDEX FROM `leave_requests`","timestamp":"2026-06-09 11:17:37"}
{"level":"debug","message":"Sequelize: Executing (default): SELECT TABLE_NAME FROM INFORMATION_SCHEMA.TABLES WHERE TABLE_TYPE = 'BASE TABLE' AND TABLE_NAME = 'notifications' AND TABLE_SCHEMA = 'staff_attendance_db'","timestamp":"2026-06-09 11:17:37"}
{"level":"debug","message":"Sequelize: Executing (default): CREATE TABLE IF NOT EXISTS `notifications` (`id` INTEGER auto_increment , `user_id` INTEGER NOT NULL, `title` VARCHAR(150) NOT NULL, `message` TEXT NOT NULL, `type` ENUM('ATTENDANCE', 'LEAVE', 'SYSTEM', 'GENERAL') NOT NULL DEFAULT 'GENERAL', `is_read` TINYINT(1) NOT NULL DEFAULT false, `read_at` DATETIME, `created_at` DATETIME NOT NULL, `updated_at` DATETIME NOT NULL, PRIMARY KEY (`id`), FOREIGN KEY (`user_id`) REFERENCES `users` (`id`) ON DELETE NO ACTION ON UPDATE CASCADE) ENGINE=InnoDB DEFAULT CHARSET=utf8mb4 COLLATE utf8mb4_unicode_ci;","timestamp":"2026-06-09 11:17:37"}
{"level":"debug","message":"Sequelize: Executing (default): SHOW INDEX FROM `notifications`","timestamp":"2026-06-09 11:17:37"}
{"level":"info","message":"Database models synchronized successfully.","timestamp":"2026-06-09 11:17:37"}
{"level":"debug","message":"Sequelize: Executing (default): SELECT count(*) AS `count` FROM `roles` AS `Role`;","timestamp":"2026-06-09 11:17:37"}
{"level":"info","message":"Database is empty. Seeding initial Roles, Users, Departments, and Settings...","timestamp":"2026-06-09 11:17:37"}
{"level":"debug","message":"Sequelize: Executing (default): INSERT INTO `roles` (`id`,`name`,`created_at`,`updated_at`) VALUES (DEFAULT,?,?,?);","timestamp":"2026-06-09 11:17:37"}
{"level":"debug","message":"Sequelize: Executing (default): INSERT INTO `roles` (`id`,`name`,`created_at`,`updated_at`) VALUES (DEFAULT,?,?,?);","timestamp":"2026-06-09 11:17:37"}
{"level":"debug","message":"Sequelize: Executing (default): INSERT INTO `roles` (`id`,`name`,`created_at`,`updated_at`) VALUES (DEFAULT,?,?,?);","timestamp":"2026-06-09 11:17:37"}
{"level":"debug","message":"Sequelize: Executing (default): INSERT INTO `departments` (`id`,`name`,`code`,`description`,`created_at`,`updated_at`) VALUES (DEFAULT,?,?,?,?,?);","timestamp":"2026-06-09 11:17:37"}
{"level":"debug","message":"Sequelize: Executing (default): INSERT INTO `users` (`id`,`email`,`password`,`role_id`,`is_active`,`created_at`,`updated_at`) VALUES (DEFAULT,?,?,?,?,?,?);","timestamp":"2026-06-09 11:17:38"}
{"level":"debug","message":"Sequelize: Executing (default): INSERT INTO `staff` (`id`,`user_id`,`department_id`,`employee_code`,`designation`,`first_name`,`last_name`,`created_at`,`updated_at`) VALUES (DEFAULT,?,?,?,?,?,?,?,?);","timestamp":"2026-06-09 11:17:38"}
{"level":"debug","message":"Sequelize: Executing (default): INSERT INTO `users` (`id`,`email`,`password`,`role_id`,`is_active`,`created_at`,`updated_at`) VALUES (DEFAULT,?,?,?,?,?,?);","timestamp":"2026-06-09 11:17:39"}
{"level":"debug","message":"Sequelize: Executing (default): INSERT INTO `staff` (`id`,`user_id`,`department_id`,`employee_code`,`designation`,`first_name`,`last_name`,`created_at`,`updated_at`) VALUES (DEFAULT,?,?,?,?,?,?,?,?);","timestamp":"2026-06-09 11:17:39"}
{"level":"debug","message":"Sequelize: Executing (default): INSERT INTO `attendance_settings` (`id`,`office_start_time`,`office_end_time`,`late_after_minutes`,`half_day_after_minutes`,`created_at`,`updated_at`) VALUES (DEFAULT,?,?,?,?,?,?);","timestamp":"2026-06-09 11:17:39"}
{"level":"info","message":"Database seeding completed successfully.","timestamp":"2026-06-09 11:17:39"}
{"level":"info","message":"Server successfully listening in development mode on port 5000","timestamp":"2026-06-09 11:17:39"}
{"level":"info","message":"Authenticating user login: test@example.com","timestamp":"2026-06-09 11:20:24"}
{"level":"debug","message":"Sequelize: Executing (default): SELECT `User`.`id`, `User`.`email`, `User`.`password`, `User`.`role_id`, `User`.`is_active`, `User`.`created_at` AS `createdAt`, `User`.`updated_at` AS `updatedAt`, `role`.`id` AS `role.id`, `role`.`name` AS `role.name`, `role`.`created_at` AS `role.createdAt`, `role`.`updated_at` AS `role.updatedAt`, `staffProfile`.`id` AS `staffProfile.id`, `staffProfile`.`user_id` AS `staffProfile.user_id`, `staffProfile`.`department_id` AS `staffProfile.department_id`, `staffProfile`.`employee_code` AS `staffProfile.employee_code`, `staffProfile`.`designation` AS `staffProfile.designation`, `staffProfile`.`profile_image` AS `staffProfile.profile_image`, `staffProfile`.`first_name` AS `staffProfile.first_name`, `staffProfile`.`last_name` AS `staffProfile.last_name`, `staffProfile`.`phone_number` AS `staffProfile.phone_number`, `staffProfile`.`joining_date` AS `staffProfile.joining_date`, `staffProfile`.`face_template` AS `staffProfile.face_template`, `staffProfile`.`face_registration_date` AS `staffProfile.face_registration_date`, `staffProfile`.`created_at` AS `staffProfile.createdAt`, `staffProfile`.`updated_at` AS `staffProfile.updatedAt` FROM `users` AS `User` LEFT OUTER JOIN `roles` AS `role` ON `User`.`role_id` = `role`.`id` LEFT OUTER JOIN `staff` AS `staffProfile` ON `User`.`id` = `staffProfile`.`user_id` WHERE `User`.`email` = 'test@example.com';","timestamp":"2026-06-09 11:20:24"}
{"level":"error","message":"POST /api/auth/login - Status: 401 - Msg: Invalid email credentials or password - Stack: Error: Invalid email credentials or password\n    at Object.login (C:\\Users\\Admin\\Desktop\\staff attendence\\backend\\src\\services\\auth.service.js:34:13)\n    at process.processTicksAndRejections (node:internal/process/task_queues:103:5)\n    at async login (C:\\Users\\Admin\\Desktop\\staff attendence\\backend\\src\\controllers\\auth.controller.js:15:22)","timestamp":"2026-06-09 11:20:24"}
{"level":"info","message":"\u001b[0mPOST /api/auth/login \u001b[33m401\u001b[0m 93.065 ms - 439\u001b[0m","timestamp":"2026-06-09 11:20:24"}
{"level":"info","message":"Authenticating user login: test@example.com","timestamp":"2026-06-09 11:26:56"}
{"level":"debug","message":"Sequelize: Executing (default): SELECT `User`.`id`, `User`.`email`, `User`.`password`, `User`.`role_id`, `User`.`is_active`, `User`.`created_at` AS `createdAt`, `User`.`updated_at` AS `updatedAt`, `role`.`id` AS `role.id`, `role`.`name` AS `role.name`, `role`.`created_at` AS `role.createdAt`, `role`.`updated_at` AS `role.updatedAt`, `staffProfile`.`id` AS `staffProfile.id`, `staffProfile`.`user_id` AS `staffProfile.user_id`, `staffProfile`.`department_id` AS `staffProfile.department_id`, `staffProfile`.`employee_code` AS `staffProfile.employee_code`, `staffProfile`.`designation` AS `staffProfile.designation`, `staffProfile`.`profile_image` AS `staffProfile.profile_image`, `staffProfile`.`first_name` AS `staffProfile.first_name`, `staffProfile`.`last_name` AS `staffProfile.last_name`, `staffProfile`.`phone_number` AS `staffProfile.phone_number`, `staffProfile`.`joining_date` AS `staffProfile.joining_date`, `staffProfile`.`face_template` AS `staffProfile.face_template`, `staffProfile`.`face_registration_date` AS `staffProfile.face_registration_date`, `staffProfile`.`created_at` AS `staffProfile.createdAt`, `staffProfile`.`updated_at` AS `staffProfile.updatedAt` FROM `users` AS `User` LEFT OUTER JOIN `roles` AS `role` ON `User`.`role_id` = `role`.`id` LEFT OUTER JOIN `staff` AS `staffProfile` ON `User`.`id` = `staffProfile`.`user_id` WHERE `User`.`email` = 'test@example.com';","timestamp":"2026-06-09 11:26:56"}
{"level":"error","message":"POST /api/auth/login - Status: 401 - Msg: Invalid email credentials or password - Stack: Error: Invalid email credentials or password\n    at Object.login (C:\\Users\\Admin\\Desktop\\staff attendence\\backend\\src\\services\\auth.service.js:34:13)\n    at process.processTicksAndRejections (node:internal/process/task_queues:103:5)\n    at async login (C:\\Users\\Admin\\Desktop\\staff attendence\\backend\\src\\controllers\\auth.controller.js:15:22)","timestamp":"2026-06-09 11:26:56"}
{"level":"info","message":"\u001b[0mPOST /api/auth/login \u001b[33m401\u001b[0m 54.753 ms - 439\u001b[0m","timestamp":"2026-06-09 11:26:56"}
{"level":"info","message":"Authenticating user login: test@example.com","timestamp":"2026-06-09 12:15:22"}
{"level":"debug","message":"Sequelize: Executing (default): SELECT `User`.`id`, `User`.`email`, `User`.`password`, `User`.`role_id`, `User`.`is_active`, `User`.`created_at` AS `createdAt`, `User`.`updated_at` AS `updatedAt`, `role`.`id` AS `role.id`, `role`.`name` AS `role.name`, `role`.`created_at` AS `role.createdAt`, `role`.`updated_at` AS `role.updatedAt`, `staffProfile`.`id` AS `staffProfile.id`, `staffProfile`.`user_id` AS `staffProfile.user_id`, `staffProfile`.`department_id` AS `staffProfile.department_id`, `staffProfile`.`employee_code` AS `staffProfile.employee_code`, `staffProfile`.`designation` AS `staffProfile.designation`, `staffProfile`.`profile_image` AS `staffProfile.profile_image`, `staffProfile`.`first_name` AS `staffProfile.first_name`, `staffProfile`.`last_name` AS `staffProfile.last_name`, `staffProfile`.`phone_number` AS `staffProfile.phone_number`, `staffProfile`.`joining_date` AS `staffProfile.joining_date`, `staffProfile`.`face_template` AS `staffProfile.face_template`, `staffProfile`.`face_registration_date` AS `staffProfile.face_registration_date`, `staffProfile`.`created_at` AS `staffProfile.createdAt`, `staffProfile`.`updated_at` AS `staffProfile.updatedAt` FROM `users` AS `User` LEFT OUTER JOIN `roles` AS `role` ON `User`.`role_id` = `role`.`id` LEFT OUTER JOIN `staff` AS `staffProfile` ON `User`.`id` = `staffProfile`.`user_id` WHERE `User`.`email` = 'test@example.com';","timestamp":"2026-06-09 12:15:22"}
{"level":"error","message":"POST /api/auth/login - Status: 401 - Msg: Invalid email credentials or password - Stack: Error: Invalid email credentials or password\n    at Object.login (C:\\Users\\Admin\\Desktop\\staff attendence\\backend\\src\\services\\auth.service.js:34:13)\n    at process.processTicksAndRejections (node:internal/process/task_queues:103:5)\n    at async login (C:\\Users\\Admin\\Desktop\\staff attendence\\backend\\src\\controllers\\auth.controller.js:15:22)","timestamp":"2026-06-09 12:15:22"}
{"level":"info","message":"\u001b[0mPOST /api/auth/login \u001b[33m401\u001b[0m 129.670 ms - 439\u001b[0m","timestamp":"2026-06-09 12:15:22"}
{"level":"debug","message":"Sequelize: Executing (default): SELECT 1+1 AS result","timestamp":"2026-06-09 12:44:30"}
{"level":"info","message":"MySQL Database connected successfully via Sequelize.","timestamp":"2026-06-09 12:44:30"}
{"level":"debug","message":"Sequelize: Executing (default): SELECT TABLE_NAME FROM INFORMATION_SCHEMA.TABLES WHERE TABLE_TYPE = 'BASE TABLE' AND TABLE_NAME = 'roles' AND TABLE_SCHEMA = 'staff_attendance_db'","timestamp":"2026-06-09 12:44:30"}
{"level":"debug","message":"Sequelize: Executing (default): SHOW INDEX FROM `roles`","timestamp":"2026-06-09 12:44:30"}
{"level":"debug","message":"Sequelize: Executing (default): SELECT TABLE_NAME FROM INFORMATION_SCHEMA.TABLES WHERE TABLE_TYPE = 'BASE TABLE' AND TABLE_NAME = 'users' AND TABLE_SCHEMA = 'staff_attendance_db'","timestamp":"2026-06-09 12:44:30"}
{"level":"debug","message":"Sequelize: Executing (default): SHOW INDEX FROM `users`","timestamp":"2026-06-09 12:44:30"}
{"level":"debug","message":"Sequelize: Executing (default): SELECT TABLE_NAME FROM INFORMATION_SCHEMA.TABLES WHERE TABLE_TYPE = 'BASE TABLE' AND TABLE_NAME = 'departments' AND TABLE_SCHEMA = 'staff_attendance_db'","timestamp":"2026-06-09 12:44:30"}
{"level":"debug","message":"Sequelize: Executing (default): SHOW INDEX FROM `departments`","timestamp":"2026-06-09 12:44:30"}
{"level":"debug","message":"Sequelize: Executing (default): SELECT TABLE_NAME FROM INFORMATION_SCHEMA.TABLES WHERE TABLE_TYPE = 'BASE TABLE' AND TABLE_NAME = 'staff' AND TABLE_SCHEMA = 'staff_attendance_db'","timestamp":"2026-06-09 12:44:30"}
{"level":"debug","message":"Sequelize: Executing (default): SHOW INDEX FROM `staff`","timestamp":"2026-06-09 12:44:30"}
{"level":"debug","message":"Sequelize: Executing (default): SELECT TABLE_NAME FROM INFORMATION_SCHEMA.TABLES WHERE TABLE_TYPE = 'BASE TABLE' AND TABLE_NAME = 'attendance' AND TABLE_SCHEMA = 'staff_attendance_db'","timestamp":"2026-06-09 12:44:30"}
{"level":"debug","message":"Sequelize: Executing (default): SHOW INDEX FROM `attendance`","timestamp":"2026-06-09 12:44:30"}
{"level":"debug","message":"Sequelize: Executing (default): SELECT TABLE_NAME FROM INFORMATION_SCHEMA.TABLES WHERE TABLE_TYPE = 'BASE TABLE' AND TABLE_NAME = 'attendance_settings' AND TABLE_SCHEMA = 'staff_attendance_db'","timestamp":"2026-06-09 12:44:30"}
{"level":"debug","message":"Sequelize: Executing (default): SHOW INDEX FROM `attendance_settings`","timestamp":"2026-06-09 12:44:30"}
{"level":"debug","message":"Sequelize: Executing (default): SELECT TABLE_NAME FROM INFORMATION_SCHEMA.TABLES WHERE TABLE_TYPE = 'BASE TABLE' AND TABLE_NAME = 'leave_requests' AND TABLE_SCHEMA = 'staff_attendance_db'","timestamp":"2026-06-09 12:44:30"}
{"level":"debug","message":"Sequelize: Executing (default): SHOW INDEX FROM `leave_requests`","timestamp":"2026-06-09 12:44:30"}
{"level":"debug","message":"Sequelize: Executing (default): SELECT TABLE_NAME FROM INFORMATION_SCHEMA.TABLES WHERE TABLE_TYPE = 'BASE TABLE' AND TABLE_NAME = 'notifications' AND TABLE_SCHEMA = 'staff_attendance_db'","timestamp":"2026-06-09 12:44:30"}
{"level":"debug","message":"Sequelize: Executing (default): SHOW INDEX FROM `notifications`","timestamp":"2026-06-09 12:44:30"}
{"level":"info","message":"Database models synchronized successfully.","timestamp":"2026-06-09 12:44:30"}
{"level":"debug","message":"Sequelize: Executing (default): SELECT count(*) AS `count` FROM `roles` AS `Role`;","timestamp":"2026-06-09 12:44:30"}
{"level":"info","message":"Server successfully listening in development mode on port 5000","timestamp":"2026-06-09 12:44:30"}
{"level":"error","message":"POST /api/auth/login - Status: 400 - Msg: Request validation failed - Stack: Error: Request validation failed\n    at C:\\Users\\Admin\\Desktop\\staff attendence\\backend\\src\\middleware\\validation.middleware.js:23:13\n    at Layer.handleRequest (C:\\Users\\Admin\\Desktop\\staff attendence\\backend\\node_modules\\router\\lib\\layer.js:152:17)\n    at next (C:\\Users\\Admin\\Desktop\\staff attendence\\backend\\node_modules\\router\\lib\\route.js:157:13)\n    at Route.dispatch (C:\\Users\\Admin\\Desktop\\staff attendence\\backend\\node_modules\\router\\lib\\route.js:117:3)\n    at handle (C:\\Users\\Admin\\Desktop\\staff attendence\\backend\\node_modules\\router\\index.js:435:11)\n    at Layer.handleRequest (C:\\Users\\Admin\\Desktop\\staff attendence\\backend\\node_modules\\router\\lib\\layer.js:152:17)\n    at C:\\Users\\Admin\\Desktop\\staff attendence\\backend\\node_modules\\router\\index.js:295:15\n    at processParams (C:\\Users\\Admin\\Desktop\\staff attendence\\backend\\node_modules\\router\\index.js:582:12)\n    at next (C:\\Users\\Admin\\Desktop\\staff attendence\\backend\\node_modules\\router\\index.js:291:5)\n    at router.handle (C:\\Users\\Admin\\Desktop\\staff attendence\\backend\\node_modules\\router\\index.js:186:3)\n    at router (C:\\Users\\Admin\\Desktop\\staff attendence\\backend\\node_modules\\router\\index.js:60:12)\n    at Layer.handleRequest (C:\\Users\\Admin\\Desktop\\staff attendence\\backend\\node_modules\\router\\lib\\layer.js:152:17)\n    at trimPrefix (C:\\Users\\Admin\\Desktop\\staff attendence\\backend\\node_modules\\router\\index.js:342:13)\n    at C:\\Users\\Admin\\Desktop\\staff attendence\\backend\\node_modules\\router\\index.js:297:9\n    at processParams (C:\\Users\\Admin\\Desktop\\staff attendence\\backend\\node_modules\\router\\index.js:582:12)\n    at next (C:\\Users\\Admin\\Desktop\\staff attendence\\backend\\node_modules\\router\\index.js:291:5)","timestamp":"2026-06-09 12:45:15"}
{"level":"info","message":"\u001b[0mPOST /api/auth/login \u001b[33m400\u001b[0m 47.964 ms - 1989\u001b[0m","timestamp":"2026-06-09 12:45:15"}
